2021-05-19T15:22:28.626943+0300 WARNING WARNING with lalala
2021-05-19T15:22:28.640215+0300 ERROR ERROR with lalala
2021-05-19T15:22:28.640826+0300 CRITICAL CRITICAL with lalala
2021-05-19T15:22:32.830738+0300 WARNING WARNING with lalala
2021-05-19T15:22:32.831406+0300 ERROR ERROR with lalala
2021-05-19T15:22:32.831968+0300 CRITICAL CRITICAL with lalala
2021-05-19T15:22:49.911669+0300 WARNING WARNING with lalala
2021-05-19T15:22:49.915610+0300 ERROR ERROR with lalala
2021-05-19T15:22:49.916791+0300 CRITICAL CRITICAL with lalala
2021-05-20T22:00:56.077949+0300 WARNING WARNING with callback_inline
2021-05-20T22:00:56.083949+0300 ERROR ERROR with callback_inline
2021-05-20T22:00:56.084932+0300 CRITICAL CRITICAL with callback_inline
2021-05-25T23:21:47.210151+0300 WARNING WARNING with lalala
2021-05-25T23:21:47.221165+0300 ERROR ERROR with lalala
2021-05-25T23:21:47.223164+0300 CRITICAL CRITICAL with lalala
2021-05-25T23:26:38.843180+0300 WARNING WARNING with lalala
2021-05-25T23:26:38.848615+0300 ERROR ERROR with lalala
2021-05-25T23:26:38.851606+0300 CRITICAL CRITICAL with lalala
2021-05-25T23:27:16.467886+0300 WARNING WARNING with lalala
2021-05-25T23:27:16.470880+0300 ERROR ERROR with lalala
2021-05-25T23:27:16.477882+0300 CRITICAL CRITICAL with lalala
2021-05-25T23:32:37.691233+0300 WARNING WARNING with lalala
2021-05-25T23:32:37.750231+0300 ERROR ERROR with lalala
2021-05-25T23:32:37.755231+0300 CRITICAL CRITICAL with lalala
2021-05-25T23:34:06.002711+0300 WARNING WARNING with lalala
2021-05-25T23:34:06.006055+0300 ERROR ERROR with lalala
2021-05-25T23:34:06.008055+0300 CRITICAL CRITICAL with lalala
